<?xml version="1.0" encoding="UTF-8"?>
<testsuites>
  <testsuite name="/app/phpunit.xml.dist" tests="175" assertions="346" errors="0" failures="0" skipped="0" time="0.678731">
    <testsuite name="AetherUpload" tests="175" assertions="346" errors="0" failures="0" skipped="0" time="0.678731">
      <testsuite name="AetherUpload\Tests\ConfigMapperTest" file="/app/tests/ConfigMapperTest.php" tests="8" assertions="14" errors="0" failures="0" skipped="0" time="0.070399">
        <testcase name="testGetReadsDefaultConfigValue" file="/app/tests/ConfigMapperTest.php" line="43" class="AetherUpload\Tests\ConfigMapperTest" classname="AetherUpload.Tests.ConfigMapperTest" assertions="3" time="0.062190"/>
        <testcase name="testSetThenGetRoundTrip" file="/app/tests/ConfigMapperTest.php" line="50" class="AetherUpload\Tests\ConfigMapperTest" classname="AetherUpload.Tests.ConfigMapperTest" assertions="1" time="0.000872"/>
        <testcase name="testSetOnOneCallIsVisibleOnAnotherCall" file="/app/tests/ConfigMapperTest.php" line="56" class="AetherUpload\Tests\ConfigMapperTest" classname="AetherUpload.Tests.ConfigMapperTest" assertions="1" time="0.001036"/>
        <testcase name="testGetReadsConfigStubValuesOnFreshInstance" file="/app/tests/ConfigMapperTest.php" line="63" class="AetherUpload\Tests\ConfigMapperTest" classname="AetherUpload.Tests.ConfigMapperTest" assertions="1" time="0.001054"/>
        <testcase name="testCallStaticAppliesGroupConfig" file="/app/tests/ConfigMapperTest.php" line="75" class="AetherUpload\Tests\ConfigMapperTest" classname="AetherUpload.Tests.ConfigMapperTest" assertions="4" time="0.001694"/>
        <testcase name="testCallStaticApplyGroupConfigThrowsForUnknownGroup" file="/app/tests/ConfigMapperTest.php" line="85" class="AetherUpload\Tests\ConfigMapperTest" classname="AetherUpload.Tests.ConfigMapperTest" assertions="2" time="0.001578"/>
        <testcase name="testCallStaticDelegatesToPrivateMethod" file="/app/tests/ConfigMapperTest.php" line="92" class="AetherUpload\Tests\ConfigMapperTest" classname="AetherUpload.Tests.ConfigMapperTest" assertions="1" time="0.001152"/>
        <testcase name="testInstanceIsSingletonAcrossGetAndSet" file="/app/tests/ConfigMapperTest.php" line="97" class="AetherUpload\Tests\ConfigMapperTest" classname="AetherUpload.Tests.ConfigMapperTest" assertions="1" time="0.000823"/>
      </testsuite>
      <testsuite name="AetherUpload\Tests\ExamplePageTraitTest" file="/app/tests/ExamplePageTraitTest.php" tests="3" assertions="10" errors="0" failures="0" skipped="0" time="0.036035">
        <testcase name="testPostExamplePageReturnsHtmlContainingFile1AndRoutes" file="/app/tests/ExamplePageTraitTest.php" line="62" class="AetherUpload\Tests\ExamplePageTraitTest" classname="AetherUpload.Tests.ExamplePageTraitTest" assertions="4" time="0.031705"/>
        <testcase name="testExamplePageSourceReadsRealViewFile" file="/app/tests/ExamplePageTraitTest.php" line="74" class="AetherUpload\Tests\ExamplePageTraitTest" classname="AetherUpload.Tests.ExamplePageTraitTest" assertions="3" time="0.002965"/>
        <testcase name="testGetExamplePageContainsScriptReference" file="/app/tests/ExamplePageTraitTest.php" line="83" class="AetherUpload\Tests\ExamplePageTraitTest" classname="AetherUpload.Tests.ExamplePageTraitTest" assertions="3" time="0.001365"/>
      </testsuite>
      <testsuite name="AetherUpload\Tests\HeaderTest" file="/app/tests/HeaderTest.php" tests="9" assertions="17" errors="0" failures="0" skipped="0" time="0.029784">
        <testcase name="testConstructorBuildsNamePathAndRealPath" file="/app/tests/HeaderTest.php" line="31" class="AetherUpload\Tests\HeaderTest" classname="AetherUpload.Tests.HeaderTest" assertions="3" time="0.009319"/>
        <testcase name="testExistsIsFalseBeforeFileIsCreated" file="/app/tests/HeaderTest.php" line="43" class="AetherUpload\Tests\HeaderTest" classname="AetherUpload.Tests.HeaderTest" assertions="1" time="0.001150"/>
        <testcase name="testWriteThenReadRoundTrip" file="/app/tests/HeaderTest.php" line="48" class="AetherUpload\Tests\HeaderTest" classname="AetherUpload.Tests.HeaderTest" assertions="3" time="0.002432"/>
        <testcase name="testWriteOverwritesPreviousContent" file="/app/tests/HeaderTest.php" line="60" class="AetherUpload\Tests\HeaderTest" classname="AetherUpload.Tests.HeaderTest" assertions="1" time="0.002369"/>
        <testcase name="testReadThrowsWhenFileMissing" file="/app/tests/HeaderTest.php" line="70" class="AetherUpload\Tests\HeaderTest" classname="AetherUpload.Tests.HeaderTest" assertions="2" time="0.005664"/>
        <testcase name="testWriteThrowsWhenTargetIsNotWritable" file="/app/tests/HeaderTest.php" line="77" class="AetherUpload\Tests\HeaderTest" classname="AetherUpload.Tests.HeaderTest" assertions="2" time="0.004083"/>
        <testcase name="testDeleteRemovesFile" file="/app/tests/HeaderTest.php" line="88" class="AetherUpload\Tests\HeaderTest" classname="AetherUpload.Tests.HeaderTest" assertions="2" time="0.002473"/>
        <testcase name="testDeleteThrowsWhenFileMissing" file="/app/tests/HeaderTest.php" line="100" class="AetherUpload\Tests\HeaderTest" classname="AetherUpload.Tests.HeaderTest" assertions="2" time="0.001250"/>
        <testcase name="testRealPathFollowsConfiguredRootDir" file="/app/tests/HeaderTest.php" line="107" class="AetherUpload\Tests\HeaderTest" classname="AetherUpload.Tests.HeaderTest" assertions="1" time="0.001042"/>
      </testsuite>
      <testsuite name="AetherUpload\Tests\HelpersTest" file="/app/tests/HelpersTest.php" tests="4" assertions="4" errors="0" failures="0" skipped="0" time="0.003789">
        <testcase name="testDisplayLinkDelegatesToUtilWithDefaultRoute" file="/app/tests/HelpersTest.php" line="19" class="AetherUpload\Tests\HelpersTest" classname="AetherUpload.Tests.HelpersTest" assertions="1" time="0.001081"/>
        <testcase name="testDisplayLinkFollowsConfiguredRoute" file="/app/tests/HelpersTest.php" line="27" class="AetherUpload\Tests\HelpersTest" classname="AetherUpload.Tests.HelpersTest" assertions="1" time="0.000918"/>
        <testcase name="testDownloadLinkDelegatesToUtilWithDefaultRoute" file="/app/tests/HelpersTest.php" line="33" class="AetherUpload\Tests\HelpersTest" classname="AetherUpload.Tests.HelpersTest" assertions="1" time="0.000897"/>
        <testcase name="testDownloadLinkFollowsConfiguredRoute" file="/app/tests/HelpersTest.php" line="41" class="AetherUpload\Tests\HelpersTest" classname="AetherUpload.Tests.HelpersTest" assertions="1" time="0.000894"/>
      </testsuite>
      <testsuite name="AetherUpload\Tests\InstallTest" file="/app/tests/InstallTest.php" tests="3" assertions="17" errors="0" failures="0" skipped="0" time="0.033992">
        <testcase name="testInstallCreatesStorageDirectoriesAndCopiesAssets" file="/app/tests/InstallTest.php" line="21" class="AetherUpload\Tests\InstallTest" classname="AetherUpload.Tests.InstallTest" assertions="10" time="0.017082"/>
        <testcase name="testInstallIsIdempotent" file="/app/tests/InstallTest.php" line="42" class="AetherUpload\Tests\InstallTest" classname="AetherUpload.Tests.InstallTest" assertions="2" time="0.009759"/>
        <testcase name="testUninstallRemovesCopiedDirectories" file="/app/tests/InstallTest.php" line="52" class="AetherUpload\Tests\InstallTest" classname="AetherUpload.Tests.InstallTest" assertions="5" time="0.007151"/>
      </testsuite>
      <testsuite name="AetherUpload\Tests\MimeTypeTest" file="/app/tests/MimeTypeTest.php" tests="12" assertions="17" errors="0" failures="0" skipped="0" time="0.117261">
        <testcase name="testFromReturnsMimeByFileExtension" file="/app/tests/MimeTypeTest.php" line="18" class="AetherUpload\Tests\MimeTypeTest" classname="AetherUpload.Tests.MimeTypeTest" assertions="2" time="0.091638"/>
        <testcase name="testFromIsCaseSensitiveOnExtension" file="/app/tests/MimeTypeTest.php" line="24" class="AetherUpload\Tests\MimeTypeTest" classname="AetherUpload.Tests.MimeTypeTest" assertions="1" time="0.000812"/>
        <testcase name="testFromReturnsOctetStreamForUnknownExtension" file="/app/tests/MimeTypeTest.php" line="29" class="AetherUpload\Tests\MimeTypeTest" classname="AetherUpload.Tests.MimeTypeTest" assertions="1" time="0.000873"/>
        <testcase name="testFromReturnsOctetStreamForFileWithoutExtension" file="/app/tests/MimeTypeTest.php" line="34" class="AetherUpload\Tests\MimeTypeTest" classname="AetherUpload.Tests.MimeTypeTest" assertions="1" time="0.000845"/>
        <testcase name="testFromReturnsOctetStreamForPhpScript" file="/app/tests/MimeTypeTest.php" line="39" class="AetherUpload\Tests\MimeTypeTest" classname="AetherUpload.Tests.MimeTypeTest" assertions="1" time="0.001094"/>
        <testcase name="testGetReturnsMimeForKnownExtension" file="/app/tests/MimeTypeTest.php" line="44" class="AetherUpload\Tests\MimeTypeTest" classname="AetherUpload.Tests.MimeTypeTest" assertions="2" time="0.000986"/>
        <testcase name="testGetReturnsOctetStreamForUnknownExtension" file="/app/tests/MimeTypeTest.php" line="50" class="AetherUpload\Tests\MimeTypeTest" classname="AetherUpload.Tests.MimeTypeTest" assertions="1" time="0.000889"/>
        <testcase name="testGetWithoutArgumentReturnsAllMimes" file="/app/tests/MimeTypeTest.php" line="55" class="AetherUpload\Tests\MimeTypeTest" classname="AetherUpload.Tests.MimeTypeTest" assertions="4" time="0.016332"/>
        <testcase name="testSearchReturnsFirstMatchingExtensionKey" file="/app/tests/MimeTypeTest.php" line="64" class="AetherUpload\Tests\MimeTypeTest" classname="AetherUpload.Tests.MimeTypeTest" assertions="1" time="0.000779"/>
        <testcase name="testSearchReturnsNullForUnknownMime" file="/app/tests/MimeTypeTest.php" line="70" class="AetherUpload\Tests\MimeTypeTest" classname="AetherUpload.Tests.MimeTypeTest" assertions="1" time="0.001054"/>
        <testcase name="testSearchMergesExtraMimeTypesFromConfig" file="/app/tests/MimeTypeTest.php" line="75" class="AetherUpload\Tests\MimeTypeTest" classname="AetherUpload.Tests.MimeTypeTest" assertions="1" time="0.000923"/>
        <testcase name="testSearchPrefersBuiltInKeyOverExtraMimeType" file="/app/tests/MimeTypeTest.php" line="81" class="AetherUpload\Tests\MimeTypeTest" classname="AetherUpload.Tests.MimeTypeTest" assertions="1" time="0.001036"/>
      </testsuite>
      <testsuite name="AetherUpload\Tests\PartialResourceTest" file="/app/tests/PartialResourceTest.php" tests="29" assertions="50" errors="0" failures="0" skipped="0" time="0.080850">
        <testcase name="testConstructorBuildsTempNameHeaderAndPaths" file="/app/tests/PartialResourceTest.php" line="68" class="AetherUpload\Tests\PartialResourceTest" classname="AetherUpload.Tests.PartialResourceTest" assertions="9" time="0.029053"/>
        <testcase name="testCreateThrowsWhenGroupDirParentMissing" file="/app/tests/PartialResourceTest.php" line="83" class="AetherUpload\Tests\PartialResourceTest" classname="AetherUpload.Tests.PartialResourceTest" assertions="1" time="0.001603"/>
        <testcase name="testCreateBuildsSubDirAndEmptyFile" file="/app/tests/PartialResourceTest.php" line="92" class="AetherUpload\Tests\PartialResourceTest" classname="AetherUpload.Tests.PartialResourceTest" assertions="3" time="0.001937"/>
        <testcase name="testAppendWritesChunkContentToRealFile" file="/app/tests/PartialResourceTest.php" line="102" class="AetherUpload\Tests\PartialResourceTest" classname="AetherUpload.Tests.PartialResourceTest" assertions="1" time="0.001940"/>
        <testcase name="testAppendMissingChunkThrowsUploadError" file="/app/tests/PartialResourceTest.php" line="118" class="AetherUpload\Tests\PartialResourceTest" classname="AetherUpload.Tests.PartialResourceTest" assertions="1" time="0.001718"/>
        <testcase name="testDeleteRemovesFile" file="/app/tests/PartialResourceTest.php" line="128" class="AetherUpload\Tests\PartialResourceTest" classname="AetherUpload.Tests.PartialResourceTest" assertions="2" time="0.001828"/>
        <testcase name="testDeleteMissingFileThrowsDeleteResourceFail" file="/app/tests/PartialResourceTest.php" line="137" class="AetherUpload\Tests\PartialResourceTest" classname="AetherUpload.Tests.PartialResourceTest" assertions="1" time="0.001535"/>
        <testcase name="testRenameDeletesSelfWhenTargetAlreadyExists" file="/app/tests/PartialResourceTest.php" line="144" class="AetherUpload\Tests\PartialResourceTest" classname="AetherUpload.Tests.PartialResourceTest" assertions="3" time="0.002025"/>
        <testcase name="testRenameMovesFileToCompletePath" file="/app/tests/PartialResourceTest.php" line="158" class="AetherUpload\Tests\PartialResourceTest" classname="AetherUpload.Tests.PartialResourceTest" assertions="2" time="0.001833"/>
        <testcase name="testRenameFailureThrowsRenameResourceFail" file="/app/tests/PartialResourceTest.php" line="169" class="AetherUpload\Tests\PartialResourceTest" classname="AetherUpload.Tests.PartialResourceTest" assertions="1" time="0.001568"/>
        <testcase name="testFilterBySizeZeroSizeThrows" file="/app/tests/PartialResourceTest.php" line="177" class="AetherUpload\Tests\PartialResourceTest" classname="AetherUpload.Tests.PartialResourceTest" assertions="1" time="0.001445"/>
        <testcase name="testFilterBySizeOverMaxSizeThrows" file="/app/tests/PartialResourceTest.php" line="184" class="AetherUpload\Tests\PartialResourceTest" classname="AetherUpload.Tests.PartialResourceTest" assertions="1" time="0.001454"/>
        <testcase name="testFilterBySizeWithinLimitPasses" file="/app/tests/PartialResourceTest.php" line="191" class="AetherUpload\Tests\PartialResourceTest" classname="AetherUpload.Tests.PartialResourceTest" assertions="2" time="0.001900"/>
        <testcase name="testFilterBySizeUnlimitedWhenMaxSizeZero" file="/app/tests/PartialResourceTest.php" line="199" class="AetherUpload\Tests\PartialResourceTest" classname="AetherUpload.Tests.PartialResourceTest" assertions="1" time="0.001481"/>
        <testcase name="testFilterByExtensionEmptyThrows" file="/app/tests/PartialResourceTest.php" line="208" class="AetherUpload\Tests\PartialResourceTest" classname="AetherUpload.Tests.PartialResourceTest" assertions="1" time="0.001537"/>
        <testcase name="testFilterByExtensionOutsideWhitelistThrows" file="/app/tests/PartialResourceTest.php" line="215" class="AetherUpload\Tests\PartialResourceTest" classname="AetherUpload.Tests.PartialResourceTest" assertions="1" time="0.002025"/>
        <testcase name="testFilterByExtensionForbiddenThrows" file="/app/tests/PartialResourceTest.php" line="222" class="AetherUpload\Tests\PartialResourceTest" classname="AetherUpload.Tests.PartialResourceTest" assertions="1" time="0.002319"/>
        <testcase name="testFilterByExtensionWhitelistedPasses" file="/app/tests/PartialResourceTest.php" line="229" class="AetherUpload\Tests\PartialResourceTest" classname="AetherUpload.Tests.PartialResourceTest" assertions="2" time="0.001674"/>
        <testcase name="testFilterByExtensionEmptyWhitelistOnlyBlacklistApplies" file="/app/tests/PartialResourceTest.php" line="235" class="AetherUpload\Tests\PartialResourceTest" classname="AetherUpload.Tests.PartialResourceTest" assertions="2" time="0.001950"/>
        <testcase name="testCheckSizePassesForNonEmptyFile" file="/app/tests/PartialResourceTest.php" line="246" class="AetherUpload\Tests\PartialResourceTest" classname="AetherUpload.Tests.PartialResourceTest" assertions="1" time="0.001579"/>
        <testcase name="testCheckSizeThrowsForEmptyFile" file="/app/tests/PartialResourceTest.php" line="254" class="AetherUpload\Tests\PartialResourceTest" classname="AetherUpload.Tests.PartialResourceTest" assertions="1" time="0.001499"/>
        <testcase name="testCheckMimeTypePassesForRecognizedGif" file="/app/tests/PartialResourceTest.php" line="264" class="AetherUpload\Tests\PartialResourceTest" classname="AetherUpload.Tests.PartialResourceTest" assertions="1" time="0.001955"/>
        <testcase name="testCheckMimeTypeThrowsMissingMimetypeForEmptyFile" file="/app/tests/PartialResourceTest.php" line="272" class="AetherUpload\Tests\PartialResourceTest" classname="AetherUpload.Tests.PartialResourceTest" assertions="1" time="0.001941"/>
        <testcase name="testCheckMimeTypeThrowsInvalidTypeForUnrecognizedBinary" file="/app/tests/PartialResourceTest.php" line="282" class="AetherUpload\Tests\PartialResourceTest" classname="AetherUpload.Tests.PartialResourceTest" assertions="1" time="0.003634"/>
        <testcase name="testCalculateHashMatchesMd5File" file="/app/tests/PartialResourceTest.php" line="293" class="AetherUpload\Tests\PartialResourceTest" classname="AetherUpload.Tests.PartialResourceTest" assertions="1" time="0.001929"/>
        <testcase name="testChunkIndexMagicWritesReadsAndDeletesHeaderFile" file="/app/tests/PartialResourceTest.php" line="301" class="AetherUpload\Tests\PartialResourceTest" classname="AetherUpload.Tests.PartialResourceTest" assertions="5" time="0.002520"/>
        <testcase name="testMagicGetUnknownPropertyReturnsNull" file="/app/tests/PartialResourceTest.php" line="321" class="AetherUpload\Tests\PartialResourceTest" classname="AetherUpload.Tests.PartialResourceTest" assertions="1" time="0.001800"/>
        <testcase name="testGetCompletePathBuildsAbsolutePath" file="/app/tests/PartialResourceTest.php" line="326" class="AetherUpload\Tests\PartialResourceTest" classname="AetherUpload.Tests.PartialResourceTest" assertions="1" time="0.001504"/>
        <testcase name="testGetGroupSubDirPathBuildsAbsolutePath" file="/app/tests/PartialResourceTest.php" line="334" class="AetherUpload\Tests\PartialResourceTest" classname="AetherUpload.Tests.PartialResourceTest" assertions="1" time="0.001661"/>
      </testsuite>
      <testsuite name="AetherUpload\Tests\RedisSavedPathTest" file="/app/tests/RedisSavedPathTest.php" tests="15" assertions="27" errors="0" failures="0" skipped="0" time="0.027097">
        <testcase name="testTtlUsesDefaultExpireSeconds" file="/app/tests/RedisSavedPathTest.php" line="19" class="AetherUpload\Tests\RedisSavedPathTest" classname="AetherUpload.Tests.RedisSavedPathTest" assertions="1" time="0.013713"/>
        <testcase name="testTtlReadsConfigOverride" file="/app/tests/RedisSavedPathTest.php" line="24" class="AetherUpload\Tests\RedisSavedPathTest" classname="AetherUpload.Tests.RedisSavedPathTest" assertions="1" time="0.000841"/>
        <testcase name="testTtlFallsBackToConstantWhenConfigKeyAbsent" file="/app/tests/RedisSavedPathTest.php" line="31" class="AetherUpload\Tests\RedisSavedPathTest" classname="AetherUpload.Tests.RedisSavedPathTest" assertions="1" time="0.000818"/>
        <testcase name="testGetKeyJoinsGroupAndHash" file="/app/tests/RedisSavedPathTest.php" line="39" class="AetherUpload\Tests\RedisSavedPathTest" classname="AetherUpload.Tests.RedisSavedPathTest" assertions="1" time="0.000982"/>
        <testcase name="testGetKeyRejectsMalformedHash" file="/app/tests/RedisSavedPathTest.php" line="44" class="AetherUpload\Tests\RedisSavedPathTest" classname="AetherUpload.Tests.RedisSavedPathTest" assertions="2" time="0.000790"/>
        <testcase name="testExistsReturnsTrueForStoredField" file="/app/tests/RedisSavedPathTest.php" line="52" class="AetherUpload\Tests\RedisSavedPathTest" classname="AetherUpload.Tests.RedisSavedPathTest" assertions="1" time="0.001009"/>
        <testcase name="testExistsReturnsFalseForMissingField" file="/app/tests/RedisSavedPathTest.php" line="59" class="AetherUpload\Tests\RedisSavedPathTest" classname="AetherUpload.Tests.RedisSavedPathTest" assertions="1" time="0.001075"/>
        <testcase name="testGetReturnsStoredPath" file="/app/tests/RedisSavedPathTest.php" line="64" class="AetherUpload\Tests\RedisSavedPathTest" classname="AetherUpload.Tests.RedisSavedPathTest" assertions="1" time="0.000667"/>
        <testcase name="testGetMissingFieldThrowsReadError" file="/app/tests/RedisSavedPathTest.php" line="71" class="AetherUpload\Tests\RedisSavedPathTest" classname="AetherUpload.Tests.RedisSavedPathTest" assertions="2" time="0.000879"/>
        <testcase name="testSetStoresPathAndAppliesExpire" file="/app/tests/RedisSavedPathTest.php" line="79" class="AetherUpload\Tests\RedisSavedPathTest" classname="AetherUpload.Tests.RedisSavedPathTest" assertions="3" time="0.001412"/>
        <testcase name="testSetOverwritesExistingAndRenewsExpire" file="/app/tests/RedisSavedPathTest.php" line="87" class="AetherUpload\Tests\RedisSavedPathTest" classname="AetherUpload.Tests.RedisSavedPathTest" assertions="3" time="0.001157"/>
        <testcase name="testSetMultiStoresAllAndAppliesExpire" file="/app/tests/RedisSavedPathTest.php" line="99" class="AetherUpload\Tests\RedisSavedPathTest" classname="AetherUpload.Tests.RedisSavedPathTest" assertions="4" time="0.001106"/>
        <testcase name="testDeleteRemovesExistingField" file="/app/tests/RedisSavedPathTest.php" line="111" class="AetherUpload\Tests\RedisSavedPathTest" classname="AetherUpload.Tests.RedisSavedPathTest" assertions="2" time="0.000931"/>
        <testcase name="testDeleteMissingFieldThrowsDeleteError" file="/app/tests/RedisSavedPathTest.php" line="120" class="AetherUpload\Tests\RedisSavedPathTest" classname="AetherUpload.Tests.RedisSavedPathTest" assertions="2" time="0.000859"/>
        <testcase name="testDeleteAllClearsWholeHash" file="/app/tests/RedisSavedPathTest.php" line="128" class="AetherUpload\Tests\RedisSavedPathTest" classname="AetherUpload.Tests.RedisSavedPathTest" assertions="2" time="0.000857"/>
      </testsuite>
      <testsuite name="AetherUpload\Tests\ResourceControllerTest" file="/app/tests/ResourceControllerTest.php" tests="11" assertions="30" errors="0" failures="0" skipped="0" time="0.059147">
        <testcase name="testDisplayReturnsFileResponseWithNosniff" file="/app/tests/ResourceControllerTest.php" line="75" class="AetherUpload\Tests\ResourceControllerTest" classname="AetherUpload.Tests.ResourceControllerTest" assertions="4" time="0.033532"/>
        <testcase name="testDisplayForcesDownloadForSvg" file="/app/tests/ResourceControllerTest.php" line="87" class="AetherUpload\Tests\ResourceControllerTest" classname="AetherUpload.Tests.ResourceControllerTest" assertions="5" time="0.003142"/>
        <testcase name="testDisplayForcesDownloadForJs" file="/app/tests/ResourceControllerTest.php" line="100" class="AetherUpload\Tests\ResourceControllerTest" classname="AetherUpload.Tests.ResourceControllerTest" assertions="2" time="0.002403"/>
        <testcase name="testDisplayForcesDownloadForHtml" file="/app/tests/ResourceControllerTest.php" line="110" class="AetherUpload\Tests\ResourceControllerTest" classname="AetherUpload.Tests.ResourceControllerTest" assertions="1" time="0.002348"/>
        <testcase name="testDisplayInvalidUriReturns404" file="/app/tests/ResourceControllerTest.php" line="119" class="AetherUpload\Tests\ResourceControllerTest" classname="AetherUpload.Tests.ResourceControllerTest" assertions="2" time="0.001166"/>
        <testcase name="testDisplayMissingFileReturns404" file="/app/tests/ResourceControllerTest.php" line="127" class="AetherUpload\Tests\ResourceControllerTest" classname="AetherUpload.Tests.ResourceControllerTest" assertions="2" time="0.002761"/>
        <testcase name="testDisplayUnknownGroupReturns404" file="/app/tests/ResourceControllerTest.php" line="137" class="AetherUpload\Tests\ResourceControllerTest" classname="AetherUpload.Tests.ResourceControllerTest" assertions="2" time="0.002523"/>
        <testcase name="testDownloadReturnsDownloadResponseWithNewName" file="/app/tests/ResourceControllerTest.php" line="147" class="AetherUpload\Tests\ResourceControllerTest" classname="AetherUpload.Tests.ResourceControllerTest" assertions="5" time="0.002846"/>
        <testcase name="testDownloadWithoutNewNameKeepsOriginalExtension" file="/app/tests/ResourceControllerTest.php" line="160" class="AetherUpload\Tests\ResourceControllerTest" classname="AetherUpload.Tests.ResourceControllerTest" assertions="2" time="0.002737"/>
        <testcase name="testDownloadSanitizesCrlfInNewName" file="/app/tests/ResourceControllerTest.php" line="170" class="AetherUpload\Tests\ResourceControllerTest" classname="AetherUpload.Tests.ResourceControllerTest" assertions="3" time="0.003122"/>
        <testcase name="testDownloadMissingFileReturns404" file="/app/tests/ResourceControllerTest.php" line="181" class="AetherUpload\Tests\ResourceControllerTest" classname="AetherUpload.Tests.ResourceControllerTest" assertions="2" time="0.002567"/>
      </testsuite>
      <testsuite name="AetherUpload\Tests\ResourceTest" file="/app/tests/ResourceTest.php" tests="5" assertions="11" errors="0" failures="0" skipped="0" time="0.006977">
        <testcase name="testConstructorBuildsPathAndRealPath" file="/app/tests/ResourceTest.php" line="27" class="AetherUpload\Tests\ResourceTest" classname="AetherUpload.Tests.ResourceTest" assertions="6" time="0.001116"/>
        <testcase name="testExistsReturnsFalseForMissingFile" file="/app/tests/ResourceTest.php" line="39" class="AetherUpload\Tests\ResourceTest" classname="AetherUpload.Tests.ResourceTest" assertions="1" time="0.000894"/>
        <testcase name="testExistsReturnsTrueAfterFileCreated" file="/app/tests/ResourceTest.php" line="44" class="AetherUpload\Tests\ResourceTest" classname="AetherUpload.Tests.ResourceTest" assertions="1" time="0.001603"/>
        <testcase name="testDeleteRemovesExistingFile" file="/app/tests/ResourceTest.php" line="52" class="AetherUpload\Tests\ResourceTest" classname="AetherUpload.Tests.ResourceTest" assertions="2" time="0.002024"/>
        <testcase name="testDeleteMissingFileThrowsDeleteResourceFail" file="/app/tests/ResourceTest.php" line="61" class="AetherUpload\Tests\ResourceTest" classname="AetherUpload.Tests.ResourceTest" assertions="1" time="0.001339"/>
      </testsuite>
      <testsuite name="AetherUpload\Tests\ResponserTest" file="/app/tests/ResponserTest.php" tests="4" assertions="10" errors="0" failures="0" skipped="0" time="0.007312">
        <testcase name="testReturnResultReturnsJsonResponseWithResult" file="/app/tests/ResponserTest.php" line="17" class="AetherUpload\Tests\ResponserTest" classname="AetherUpload.Tests.ResponserTest" assertions="3" time="0.004294"/>
        <testcase name="testReportErrorAppendsErrorFieldToResult" file="/app/tests/ResponserTest.php" line="26" class="AetherUpload\Tests\ResponserTest" classname="AetherUpload.Tests.ResponserTest" assertions="3" time="0.000981"/>
        <testcase name="testReportErrorKeepsOriginalFields" file="/app/tests/ResponserTest.php" line="35" class="AetherUpload\Tests\ResponserTest" classname="AetherUpload.Tests.ResponserTest" assertions="3" time="0.001021"/>
        <testcase name="testReportErrorOverwritesExistingErrorKey" file="/app/tests/ResponserTest.php" line="45" class="AetherUpload\Tests\ResponserTest" classname="AetherUpload.Tests.ResponserTest" assertions="1" time="0.001017"/>
      </testsuite>
      <testsuite name="AetherUpload\Tests\SavedPathResolverTest" file="/app/tests/SavedPathResolverTest.php" tests="11" assertions="23" errors="0" failures="0" skipped="0" time="0.010967">
        <testcase name="testEncodeJoinsGroupSubdirAndNameWithUnderscores" file="/app/tests/SavedPathResolverTest.php" line="16" class="AetherUpload\Tests\SavedPathResolverTest" classname="AetherUpload.Tests.SavedPathResolverTest" assertions="1" time="0.000906"/>
        <testcase name="testDecodeSplitsEncodedPathIntoParts" file="/app/tests/SavedPathResolverTest.php" line="21" class="AetherUpload\Tests\SavedPathResolverTest" classname="AetherUpload.Tests.SavedPathResolverTest" assertions="3" time="0.001063"/>
        <testcase name="testDecodeKeepsUnderscoresInLastSegment" file="/app/tests/SavedPathResolverTest.php" line="30" class="AetherUpload\Tests\SavedPathResolverTest" classname="AetherUpload.Tests.SavedPathResolverTest" assertions="3" time="0.000987"/>
        <testcase name="testDecodeThrowsWhenFewerThanThreeSegments" file="/app/tests/SavedPathResolverTest.php" line="40" class="AetherUpload\Tests\SavedPathResolverTest" classname="AetherUpload.Tests.SavedPathResolverTest" assertions="2" time="0.001117"/>
        <testcase name="testDecodeThrowsOnEmptySegment" file="/app/tests/SavedPathResolverTest.php" line="47" class="AetherUpload\Tests\SavedPathResolverTest" classname="AetherUpload.Tests.SavedPathResolverTest" assertions="2" time="0.000771"/>
        <testcase name="testDecodeThrowsOnPathTraversalSegment" file="/app/tests/SavedPathResolverTest.php" line="54" class="AetherUpload\Tests\SavedPathResolverTest" classname="AetherUpload.Tests.SavedPathResolverTest" assertions="2" time="0.000889"/>
        <testcase name="testDecodeThrowsOnSlashSegment" file="/app/tests/SavedPathResolverTest.php" line="61" class="AetherUpload\Tests\SavedPathResolverTest" classname="AetherUpload.Tests.SavedPathResolverTest" assertions="2" time="0.001014"/>
        <testcase name="testDecodeThrowsOnPercentSegment" file="/app/tests/SavedPathResolverTest.php" line="68" class="AetherUpload\Tests\SavedPathResolverTest" classname="AetherUpload.Tests.SavedPathResolverTest" assertions="2" time="0.000821"/>
        <testcase name="testDecodeThrowsOnNonAsciiSegment" file="/app/tests/SavedPathResolverTest.php" line="75" class="AetherUpload\Tests\SavedPathResolverTest" classname="AetherUpload.Tests.SavedPathResolverTest" assertions="2" time="0.001172"/>
        <testcase name="testDecodeAllowsDotsInsideSegmentAfterFirstChar" file="/app/tests/SavedPathResolverTest.php" line="82" class="AetherUpload\Tests\SavedPathResolverTest" classname="AetherUpload.Tests.SavedPathResolverTest" assertions="2" time="0.001141"/>
        <testcase name="testDecodeAllowsDashInsideSegment" file="/app/tests/SavedPathResolverTest.php" line="90" class="AetherUpload\Tests\SavedPathResolverTest" classname="AetherUpload.Tests.SavedPathResolverTest" assertions="2" time="0.001086"/>
      </testsuite>
      <testsuite name="AetherUpload\Tests\SimpleValidateTraitTest" file="/app/tests/SimpleValidateTraitTest.php" tests="9" assertions="9" errors="0" failures="0" skipped="0" time="0.013088">
        <testcase name="testRequiredReportsErrorWhenKeyMissing" file="/app/tests/SimpleValidateTraitTest.php" line="26" class="AetherUpload\Tests\SimpleValidateTraitTest" classname="AetherUpload.Tests.SimpleValidateTraitTest" assertions="1" time="0.005398"/>
        <testcase name="testRequiredReportsErrorWhenValueIsEmptyString" file="/app/tests/SimpleValidateTraitTest.php" line="31" class="AetherUpload\Tests\SimpleValidateTraitTest" classname="AetherUpload.Tests.SimpleValidateTraitTest" assertions="1" time="0.000956"/>
        <testcase name="testRequiredReportsErrorWhenValueIsNull" file="/app/tests/SimpleValidateTraitTest.php" line="36" class="AetherUpload\Tests\SimpleValidateTraitTest" classname="AetherUpload.Tests.SimpleValidateTraitTest" assertions="1" time="0.000986"/>
        <testcase name="testRequiredPassesWhenValuePresent" file="/app/tests/SimpleValidateTraitTest.php" line="41" class="AetherUpload\Tests\SimpleValidateTraitTest" classname="AetherUpload.Tests.SimpleValidateTraitTest" assertions="1" time="0.001087"/>
        <testcase name="testPresentReportsErrorWhenKeyMissing" file="/app/tests/SimpleValidateTraitTest.php" line="46" class="AetherUpload\Tests\SimpleValidateTraitTest" classname="AetherUpload.Tests.SimpleValidateTraitTest" assertions="1" time="0.001016"/>
        <testcase name="testPresentPassesWithEmptyStringValue" file="/app/tests/SimpleValidateTraitTest.php" line="51" class="AetherUpload\Tests\SimpleValidateTraitTest" classname="AetherUpload.Tests.SimpleValidateTraitTest" assertions="1" time="0.000774"/>
        <testcase name="testPresentReportsErrorWhenValueIsNull" file="/app/tests/SimpleValidateTraitTest.php" line="56" class="AetherUpload\Tests\SimpleValidateTraitTest" classname="AetherUpload.Tests.SimpleValidateTraitTest" assertions="1" time="0.001057"/>
        <testcase name="testReportsErrorWhenAnyRuleInListFails" file="/app/tests/SimpleValidateTraitTest.php" line="62" class="AetherUpload\Tests\SimpleValidateTraitTest" classname="AetherUpload.Tests.SimpleValidateTraitTest" assertions="1" time="0.000965"/>
        <testcase name="testPassesWhenAllRulesSatisfied" file="/app/tests/SimpleValidateTraitTest.php" line="70" class="AetherUpload\Tests\SimpleValidateTraitTest" classname="AetherUpload.Tests.SimpleValidateTraitTest" assertions="1" time="0.000849"/>
      </testsuite>
      <testsuite name="AetherUpload\Tests\UploadControllerTest" file="/app/tests/UploadControllerTest.php" tests="31" assertions="73" errors="0" failures="0" skipped="0" time="0.151747">
        <testcase name="testPreprocessConstructorRegistersTranslationResources" file="/app/tests/UploadControllerTest.php" line="194" class="AetherUpload\Tests\UploadControllerTest" classname="AetherUpload.Tests.UploadControllerTest" assertions="1" time="0.054590"/>
        <testcase name="testPreprocessRejectsMissingParameters" file="/app/tests/UploadControllerTest.php" line="201" class="AetherUpload\Tests\UploadControllerTest" classname="AetherUpload.Tests.UploadControllerTest" assertions="1" time="0.001917"/>
        <testcase name="testPreprocessRejectsMissingResourceHash" file="/app/tests/UploadControllerTest.php" line="208" class="AetherUpload\Tests\UploadControllerTest" classname="AetherUpload.Tests.UploadControllerTest" assertions="1" time="0.001650"/>
        <testcase name="testPreprocessCreatesPartAndHeaderFilesOnSuccess" file="/app/tests/UploadControllerTest.php" line="216" class="AetherUpload\Tests\UploadControllerTest" classname="AetherUpload.Tests.UploadControllerTest" assertions="10" time="0.003675"/>
        <testcase name="testPreprocessRejectsOversizedResource" file="/app/tests/UploadControllerTest.php" line="237" class="AetherUpload\Tests\UploadControllerTest" classname="AetherUpload.Tests.UploadControllerTest" assertions="1" time="0.002467"/>
        <testcase name="testPreprocessRejectsZeroSizeResource" file="/app/tests/UploadControllerTest.php" line="244" class="AetherUpload\Tests\UploadControllerTest" classname="AetherUpload.Tests.UploadControllerTest" assertions="1" time="0.002253"/>
        <testcase name="testPreprocessRejectsForbiddenExtension" file="/app/tests/UploadControllerTest.php" line="251" class="AetherUpload\Tests\UploadControllerTest" classname="AetherUpload.Tests.UploadControllerTest" assertions="1" time="0.002495"/>
        <testcase name="testPreprocessRejectsExtensionOutsideWhitelist" file="/app/tests/UploadControllerTest.php" line="258" class="AetherUpload\Tests\UploadControllerTest" classname="AetherUpload.Tests.UploadControllerTest" assertions="1" time="0.002397"/>
        <testcase name="testPreprocessUnknownGroupMapsToInvalidOperation" file="/app/tests/UploadControllerTest.php" line="265" class="AetherUpload\Tests\UploadControllerTest" classname="AetherUpload.Tests.UploadControllerTest" assertions="1" time="0.001936"/>
        <testcase name="testPreprocessInstantCompletionReturnsSavedPathWithoutCreatingFiles" file="/app/tests/UploadControllerTest.php" line="272" class="AetherUpload\Tests\UploadControllerTest" classname="AetherUpload.Tests.UploadControllerTest" assertions="3" time="0.002638"/>
        <testcase name="testSaveChunkRejectsMissingParameters" file="/app/tests/UploadControllerTest.php" line="287" class="AetherUpload\Tests\UploadControllerTest" classname="AetherUpload.Tests.UploadControllerTest" assertions="1" time="0.001760"/>
        <testcase name="testSaveChunkRejectsPathTraversalInGroupSubDir" file="/app/tests/UploadControllerTest.php" line="295" class="AetherUpload\Tests\UploadControllerTest" classname="AetherUpload.Tests.UploadControllerTest" assertions="1" time="0.002025"/>
        <testcase name="testSaveChunkRejectsSlashInTempBasename" file="/app/tests/UploadControllerTest.php" line="302" class="AetherUpload\Tests\UploadControllerTest" classname="AetherUpload.Tests.UploadControllerTest" assertions="1" time="0.001731"/>
        <testcase name="testSaveChunkRejectsSlashInResourceExt" file="/app/tests/UploadControllerTest.php" line="309" class="AetherUpload\Tests\UploadControllerTest" classname="AetherUpload.Tests.UploadControllerTest" assertions="1" time="0.002112"/>
        <testcase name="testSaveChunkRejectsTooManyChunks" file="/app/tests/UploadControllerTest.php" line="316" class="AetherUpload\Tests\UploadControllerTest" classname="AetherUpload.Tests.UploadControllerTest" assertions="1" time="0.001662"/>
        <testcase name="testSaveChunkUnknownGroupMapsToInvalidOperation" file="/app/tests/UploadControllerTest.php" line="323" class="AetherUpload\Tests\UploadControllerTest" classname="AetherUpload.Tests.UploadControllerTest" assertions="1" time="0.002182"/>
        <testcase name="testSaveChunkRejectsExtensionOutsideWhitelist" file="/app/tests/UploadControllerTest.php" line="330" class="AetherUpload\Tests\UploadControllerTest" classname="AetherUpload.Tests.UploadControllerTest" assertions="1" time="0.002733"/>
        <testcase name="testSaveChunkHardRejectsExecutableExtensionWhenWhitelistEmpty" file="/app/tests/UploadControllerTest.php" line="337" class="AetherUpload\Tests\UploadControllerTest" classname="AetherUpload.Tests.UploadControllerTest" assertions="1" time="0.002740"/>
        <testcase name="testSaveChunkRejectsWhenPartFileMissing" file="/app/tests/UploadControllerTest.php" line="346" class="AetherUpload\Tests\UploadControllerTest" classname="AetherUpload.Tests.UploadControllerTest" assertions="1" time="0.002811"/>
        <testcase name="testSaveChunkRejectsInvalidChunkObject" file="/app/tests/UploadControllerTest.php" line="353" class="AetherUpload\Tests\UploadControllerTest" classname="AetherUpload.Tests.UploadControllerTest" assertions="1" time="0.003925"/>
        <testcase name="testSaveChunkRejectsMissingChunkFile" file="/app/tests/UploadControllerTest.php" line="362" class="AetherUpload\Tests\UploadControllerTest" classname="AetherUpload.Tests.UploadControllerTest" assertions="1" time="0.003727"/>
        <testcase name="testSaveChunkRejectsChunkExceedingMaxSize" file="/app/tests/UploadControllerTest.php" line="373" class="AetherUpload\Tests\UploadControllerTest" classname="AetherUpload.Tests.UploadControllerTest" assertions="3" time="0.005009"/>
        <testcase name="testSaveChunkRejectsMalformedResourceHash" file="/app/tests/UploadControllerTest.php" line="388" class="AetherUpload\Tests\UploadControllerTest" classname="AetherUpload.Tests.UploadControllerTest" assertions="1" time="0.003114"/>
        <testcase name="testSaveChunkDuplicateChunkIsIdempotent" file="/app/tests/UploadControllerTest.php" line="397" class="AetherUpload\Tests\UploadControllerTest" classname="AetherUpload.Tests.UploadControllerTest" assertions="6" time="0.005017"/>
        <testcase name="testSaveChunkOutOfOrderChunkIsRejected" file="/app/tests/UploadControllerTest.php" line="420" class="AetherUpload\Tests\UploadControllerTest" classname="AetherUpload.Tests.UploadControllerTest" assertions="2" time="0.003585"/>
        <testcase name="testSaveChunkAppendsChunkAndUpdatesHeader" file="/app/tests/UploadControllerTest.php" line="433" class="AetherUpload\Tests\UploadControllerTest" classname="AetherUpload.Tests.UploadControllerTest" assertions="3" time="0.004069"/>
        <testcase name="testSaveChunkCompletesResourceAndRenamesToHashName" file="/app/tests/UploadControllerTest.php" line="447" class="AetherUpload\Tests\UploadControllerTest" classname="AetherUpload.Tests.UploadControllerTest" assertions="9" time="0.006135"/>
        <testcase name="testSaveChunkHashMismatchFailsAndCleansUp" file="/app/tests/UploadControllerTest.php" line="479" class="AetherUpload\Tests\UploadControllerTest" classname="AetherUpload.Tests.UploadControllerTest" assertions="3" time="0.004473"/>
        <testcase name="testSaveChunkMimeTypeMismatchFailsAndCleansUp" file="/app/tests/UploadControllerTest.php" line="494" class="AetherUpload\Tests\UploadControllerTest" classname="AetherUpload.Tests.UploadControllerTest" assertions="3" time="0.005332"/>
        <testcase name="testSaveChunkInstantCompletionCleansPartAndHeaderAndIsIdempotent" file="/app/tests/UploadControllerTest.php" line="510" class="AetherUpload\Tests\UploadControllerTest" classname="AetherUpload.Tests.UploadControllerTest" assertions="6" time="0.006239"/>
        <testcase name="testSaveChunkCompletionWritesRedisAndFiresEventsWhenEnabled" file="/app/tests/UploadControllerTest.php" line="528" class="AetherUpload\Tests\UploadControllerTest" classname="AetherUpload.Tests.UploadControllerTest" assertions="5" time="0.005353"/>
      </testsuite>
      <testsuite name="AetherUpload\Tests\UtilTest" file="/app/tests/UtilTest.php" tests="21" assertions="34" errors="0" failures="0" skipped="0" time="0.030287">
        <testcase name="testGenerateTempNameReturns16LowercaseHexChars" file="/app/tests/UtilTest.php" line="52" class="AetherUpload\Tests\UtilTest" classname="AetherUpload.Tests.UtilTest" assertions="1" time="0.001541"/>
        <testcase name="testGenerateTempNameIsRandomAcrossCalls" file="/app/tests/UtilTest.php" line="58" class="AetherUpload\Tests\UtilTest" classname="AetherUpload.Tests.UtilTest" assertions="1" time="0.001205"/>
        <testcase name="testGetFileNameConcatenatesBaseNameAndExtension" file="/app/tests/UtilTest.php" line="63" class="AetherUpload\Tests\UtilTest" classname="AetherUpload.Tests.UtilTest" assertions="2" time="0.001529"/>
        <testcase name="testGenerateSubDirNameYearRule" file="/app/tests/UtilTest.php" line="69" class="AetherUpload\Tests\UtilTest" classname="AetherUpload.Tests.UtilTest" assertions="1" time="0.000963"/>
        <testcase name="testGenerateSubDirNameMonthRule" file="/app/tests/UtilTest.php" line="75" class="AetherUpload\Tests\UtilTest" classname="AetherUpload.Tests.UtilTest" assertions="1" time="0.001070"/>
        <testcase name="testGenerateSubDirNameDateRule" file="/app/tests/UtilTest.php" line="81" class="AetherUpload\Tests\UtilTest" classname="AetherUpload.Tests.UtilTest" assertions="1" time="0.001627"/>
        <testcase name="testGenerateSubDirNameConstRule" file="/app/tests/UtilTest.php" line="87" class="AetherUpload\Tests\UtilTest" classname="AetherUpload.Tests.UtilTest" assertions="1" time="0.001112"/>
        <testcase name="testGenerateSubDirNameDefaultRuleFallsBackToMonth" file="/app/tests/UtilTest.php" line="93" class="AetherUpload\Tests\UtilTest" classname="AetherUpload.Tests.UtilTest" assertions="1" time="0.001321"/>
        <testcase name="testGetDisplayLinkAppendsSavedPathToDisplayRoute" file="/app/tests/UtilTest.php" line="99" class="AetherUpload\Tests\UtilTest" classname="AetherUpload.Tests.UtilTest" assertions="1" time="0.001101"/>
        <testcase name="testGetDisplayLinkUsesConfiguredRoute" file="/app/tests/UtilTest.php" line="107" class="AetherUpload\Tests\UtilTest" classname="AetherUpload.Tests.UtilTest" assertions="1" time="0.001360"/>
        <testcase name="testGetDownloadLinkAppendsSavedPathAndNewName" file="/app/tests/UtilTest.php" line="113" class="AetherUpload\Tests\UtilTest" classname="AetherUpload.Tests.UtilTest" assertions="1" time="0.000985"/>
        <testcase name="testGetDownloadLinkUsesConfiguredRoute" file="/app/tests/UtilTest.php" line="121" class="AetherUpload\Tests\UtilTest" classname="AetherUpload.Tests.UtilTest" assertions="1" time="0.001061"/>
        <testcase name="testDeleteResourceDeletesFileAndRedisRecord" file="/app/tests/UtilTest.php" line="127" class="AetherUpload\Tests\UtilTest" classname="AetherUpload.Tests.UtilTest" assertions="3" time="0.004065"/>
        <testcase name="testDeleteResourceReturnsFalseForUnknownGroup" file="/app/tests/UtilTest.php" line="137" class="AetherUpload\Tests\UtilTest" classname="AetherUpload.Tests.UtilTest" assertions="1" time="0.001538"/>
        <testcase name="testDeleteResourceThrowsOnUndecodableSavedPath" file="/app/tests/UtilTest.php" line="142" class="AetherUpload\Tests\UtilTest" classname="AetherUpload.Tests.UtilTest" assertions="2" time="0.001223"/>
        <testcase name="testGetResourceReturnsConfiguredResourceInstance" file="/app/tests/UtilTest.php" line="149" class="AetherUpload\Tests\UtilTest" classname="AetherUpload.Tests.UtilTest" assertions="7" time="0.001624"/>
        <testcase name="testGetResourceReturnsFalseForUnknownGroup" file="/app/tests/UtilTest.php" line="168" class="AetherUpload\Tests\UtilTest" classname="AetherUpload.Tests.UtilTest" assertions="1" time="0.001296"/>
        <testcase name="testGetResourceThrowsOnUndecodableSavedPath" file="/app/tests/UtilTest.php" line="173" class="AetherUpload\Tests\UtilTest" classname="AetherUpload.Tests.UtilTest" assertions="2" time="0.001702"/>
        <testcase name="testDeleteRedisSavedPathDeletesStoredRecord" file="/app/tests/UtilTest.php" line="180" class="AetherUpload\Tests\UtilTest" classname="AetherUpload.Tests.UtilTest" assertions="2" time="0.001369"/>
        <testcase name="testDeleteRedisSavedPathReturnsFalseWhenRecordMissing" file="/app/tests/UtilTest.php" line="188" class="AetherUpload\Tests\UtilTest" classname="AetherUpload.Tests.UtilTest" assertions="1" time="0.001342"/>
        <testcase name="testDeleteRedisSavedPathThrowsOnUndecodableSavedPath" file="/app/tests/UtilTest.php" line="193" class="AetherUpload\Tests\UtilTest" classname="AetherUpload.Tests.UtilTest" assertions="2" time="0.001254"/>
      </testsuite>
    </testsuite>
  </testsuite>
</testsuites>
